[crsorgi.gov.in/web/index.php/auth/deathCertificate/view/cert/D/WHJlYXpwUmlLRDc1dzVmTHZCR2NUUT09=.html]
[backblue.gif]
[fade.gif]
[index.html]
[crsorgi.gov.in/web/css/style.css]
[crsorgi.gov.in/web/css/default.css]
[crsorgi.gov.in/web/css/main.css]
[crsorgi.gov.in/web/css/jquery-ui-1.10.0.custom.css]
[crsorgi.gov.in/web/js/mm_menu.js]
[crsorgi.gov.in/web/js/jquery-1.9.0.js]
[crsorgi.gov.in/web/js/jquery-ui-1.10.0.custom.js]
[crsorgi.gov.in/web/js/json_parse.js]
[crsorgi.gov.in/web/js/jquery.ui.core.js]
[crsorgi.gov.in/web/images/logo-top.jpg]
[crsorgi.gov.in/web/images/emb-forms.gif]
[crsorgi.gov.in/web/images/efa1c4408f745dcb5c8932db2e6bbbd55a10f292.png]
[crsorgi.gov.in/web/images/certificate-logo.gif]
[crsorgi.gov.in/web/uploads/qrCode_Death/10/03-04-2023/005_file_22925f9bfb182b882d9c4c3c1ed6175c.png]
[crsorgi.gov.in/web/index.php/auth/deathCertificate/view/cert/D/WHJlYXpwUmlLRDc1dzVmTHZCR2NUUT09=.html]
[crsorgi.gov.in/web/images/header-top-strip.jpg]
[crsorgi.gov.in/web/images/herader-right-bg.jpg]
[crsorgi.gov.in/web/images/top-menu-bg.jpg]
[crsorgi.gov.in/web/images/top-title-strip.jpg]
[crsorgi.gov.in/web/images/doted-bull.gif]
[crsorgi.gov.in/web/images/none-bull.gif]
[crsorgi.gov.in/web/images/welcome-strip-bg.jpg]
[crsorgi.gov.in/web/images/form-title-strip.jpg]
[crsorgi.gov.in/web/images/water-mark.gif]
[crsorgi.gov.in/web/images/busy.gif]
[crsorgi.gov.in/web/images/cla-edit.jpg]
[crsorgi.gov.in/web/css/style.css]
[crsorgi.gov.in/web/css/default.css]
[crsorgi.gov.in/web/images/btn-bg.gif]
[crsorgi.gov.in/web/images/refresh1.png]
[crsorgi.gov.in/web/images/tooltip-arrow.gif]
[crsorgi.gov.in/web/images/submit-btn.jpg]
[crsorgi.gov.in/web/css/main.css]
[crsorgi.gov.in/web/css/jquery.ui.base.css]
[crsorgi.gov.in/web/css/jquery.ui.theme.css]
[crsorgi.gov.in/web/css/jquery.ui.all.css]
[crsorgi.gov.in/web/css/jquery-ui-1.10.0.custom.css]
[crsorgi.gov.in/web/css/jquery.ui.button.css]
[crsorgi.gov.in/web/css/jquery.ui.datepicker.css]
[crsorgi.gov.in/web/css/jquery.ui.base.css]
[crsorgi.gov.in/web/images/ui-icons_222222_256x240.png]
[crsorgi.gov.in/web/images/ui-icons_888888_256x240.png]
[crsorgi.gov.in/web/images/ui-icons_454545_256x240.png]
[crsorgi.gov.in/web/images/ui-icons_2e83ff_256x240.png]
[crsorgi.gov.in/web/images/ui-icons_cd0a0a_256x240.png]
[crsorgi.gov.in/web/images/ui-bg_flat_0_aaaaaa_40x100.png]
[crsorgi.gov.in/web/css/jquery.ui.theme.css]
[crsorgi.gov.in/web/css/jquery.ui.button.css]
[crsorgi.gov.in/web/css/jquery.ui.datepicker.css]
